09:24:51.459 INFO [GridLauncherV3.parse] - Selenium server version: 3.141.59, revision: e82be7d358
09:24:51.533 INFO [GridLauncherV3.lambda$buildLaunchers$3] - Launching a standalone Selenium Server on port 4444
2019-08-08 09:24:51.593:INFO::main: Logging initialized @455ms to org.seleniumhq.jetty9.util.log.StdErrLog
09:24:51.847 INFO [WebDriverServlet.<init>] - Initialising WebDriverServlet
09:24:52.011 INFO [SeleniumServer.boot] - Selenium Server is up and running on port 4444
09:24:52.371 INFO [ActiveSessionFactory.apply] - Capabilities are: {
  "acceptSslCerts": true,
  "browserName": "chrome",
  "chromeOptions": {
    "w3c": false,
    "args": [
    ]
  },
  "name": "Register Command Test"
}
09:24:52.385 INFO [ActiveSessionFactory.lambda$apply$11] - Matched factory org.openqa.selenium.grid.session.remote.ServicedSession$Factory (provider: org.openqa.selenium.chrome.ChromeDriverService)
Starting ChromeDriver 76.0.3809.68 (420c9498db8ce8fcd190a954d51297672c1515d5-refs/branch-heads/3809@{#864}) on port 13095
Only local connections are allowed.
Please protect ports used by ChromeDriver and related test frameworks to prevent access by malicious code.
09:24:57.232 INFO [ProtocolHandshake.createSession] - Detected dialect: OSS
09:24:57.500 INFO [RemoteSession$Factory.lambda$performHandshake$0] - Started new session 904d079c30faf74c10166e1ada9c02a5 (org.openqa.selenium.chrome.ChromeDriverService)
09:24:58.084 INFO [ActiveSessions$1.onStop] - Removing session 904d079c30faf74c10166e1ada9c02a5 (org.openqa.selenium.chrome.ChromeDriverService)
