09:45:03.314 INFO [GridLauncherV3.parse] - Selenium server version: 3.141.59, revision: e82be7d358
09:45:03.384 INFO [GridLauncherV3.lambda$buildLaunchers$3] - Launching a standalone Selenium Server on port 4444
2019-08-02 09:45:03.453:INFO::main: Logging initialized @558ms to org.seleniumhq.jetty9.util.log.StdErrLog
09:45:03.733 INFO [WebDriverServlet.<init>] - Initialising WebDriverServlet
09:45:03.896 INFO [SeleniumServer.boot] - Selenium Server is up and running on port 4444
09:45:04.462 INFO [ActiveSessionFactory.apply] - Capabilities are: {
  "acceptSslCerts": true,
  "browserName": "chrome",
  "chromeOptions": {
    "args": [
    ]
  },
  "name": "Duck Duck Go"
}
09:45:04.464 INFO [ActiveSessionFactory.lambda$apply$11] - Matched factory org.openqa.selenium.grid.session.remote.ServicedSession$Factory (provider: org.openqa.selenium.chrome.ChromeDriverService)
Starting ChromeDriver 76.0.3809.68 (420c9498db8ce8fcd190a954d51297672c1515d5-refs/branch-heads/3809@{#864}) on port 13142
Only local connections are allowed.
Please protect ports used by ChromeDriver and related test frameworks to prevent access by malicious code.
09:45:09.351 INFO [ProtocolHandshake.createSession] - Detected dialect: W3C
09:45:09.379 INFO [RemoteSession$Factory.lambda$performHandshake$0] - Started new session 038b84494eaf546b2cb0de4caa26df43 (org.openqa.selenium.chrome.ChromeDriverService)
09:45:21.099 INFO [ActiveSessions$1.onStop] - Removing session 038b84494eaf546b2cb0de4caa26df43 (org.openqa.selenium.chrome.ChromeDriverService)
